c:\users\littl\source\repos\cjbernard-pmit-7c745a145551\pmit\x64\release\pmit.pch
c:\users\littl\source\repos\cjbernard-pmit-7c745a145551\pmit\x64\release\vc141.pdb
c:\users\littl\source\repos\cjbernard-pmit-7c745a145551\pmit\x64\release\stdafx.obj
c:\users\littl\source\repos\cjbernard-pmit-7c745a145551\pmit\x64\release\likproblem.obj
c:\users\littl\source\repos\cjbernard-pmit-7c745a145551\pmit\x64\release\lexicon.obj
c:\users\littl\source\repos\cjbernard-pmit-7c745a145551\pmit\x64\release\lsiproblemv3_wolfram.obj
c:\users\littl\source\repos\cjbernard-pmit-7c745a145551\pmit\x64\release\lsiproblemv3.obj
c:\users\littl\source\repos\cjbernard-pmit-7c745a145551\pmit\x64\release\hd0lproblemv3.obj
c:\users\littl\source\repos\cjbernard-pmit-7c745a145551\pmit\x64\release\genomepmit_length.obj
c:\users\littl\source\repos\cjbernard-pmit-7c745a145551\pmit\x64\release\geneticalgorithmpmit.obj
c:\users\littl\source\repos\cjbernard-pmit-7c745a145551\pmit\x64\release\fragment.obj
c:\users\littl\source\repos\cjbernard-pmit-7c745a145551\pmit\x64\release\factcounter.obj
c:\users\littl\source\repos\cjbernard-pmit-7c745a145551\pmit\x64\release\evidencefactoryv3.obj
c:\users\littl\source\repos\cjbernard-pmit-7c745a145551\pmit\x64\release\evidencefactory.obj
c:\users\littl\source\repos\cjbernard-pmit-7c745a145551\pmit\x64\release\edcproblemv3_successorsearch.obj
c:\users\littl\source\repos\cjbernard-pmit-7c745a145551\pmit\x64\release\edcproblemv3.obj
c:\users\littl\source\repos\cjbernard-pmit-7c745a145551\pmit\x64\release\d2lproblemv3.obj
c:\users\littl\source\repos\cjbernard-pmit-7c745a145551\pmit\x64\release\consistencytable.obj
c:\users\littl\source\repos\cjbernard-pmit-7c745a145551\pmit\x64\release\consistencyitem.obj
c:\users\littl\source\repos\cjbernard-pmit-7c745a145551\pmit\x64\release\bruteforcesearchr_dbl_pmit.obj
c:\users\littl\source\repos\cjbernard-pmit-7c745a145551\pmit\x64\release\belief_consistentrules.obj
c:\users\littl\source\repos\cjbernard-pmit-7c745a145551\pmit\x64\release\assemblyinfo.obj
c:\users\littl\source\repos\cjbernard-pmit-7c745a145551\pmit\x64\release\alphabetv3.obj
c:\users\littl\source\repos\cjbernard-pmit-7c745a145551\pmit\x64\release\pmiproblemv2a_parikh.obj
c:\users\littl\source\repos\cjbernard-pmit-7c745a145551\pmit\x64\release\pmiproblemv2a_ml.obj
c:\users\littl\source\repos\cjbernard-pmit-7c745a145551\pmit\x64\release\pmiproblemv2a_lex_v1b.obj
c:\users\littl\source\repos\cjbernard-pmit-7c745a145551\pmit\x64\release\pmiproblemv2a_lex_v1.obj
c:\users\littl\source\repos\cjbernard-pmit-7c745a145551\pmit\x64\release\pmiproblemv2a_l_v2.obj
c:\users\littl\source\repos\cjbernard-pmit-7c745a145551\pmit\x64\release\pmiproblemv2a_d_v4.obj
c:\users\littl\source\repos\cjbernard-pmit-7c745a145551\pmit\x64\release\pmiproblemv2a_d_v3.obj
c:\users\littl\source\repos\cjbernard-pmit-7c745a145551\pmit\x64\release\pmiproblemv2a.obj
c:\users\littl\source\repos\cjbernard-pmit-7c745a145551\pmit\x64\release\pmiproblemv2.obj
c:\users\littl\source\repos\cjbernard-pmit-7c745a145551\pmit\x64\release\pmiproblemv1e_d_v2.obj
c:\users\littl\source\repos\cjbernard-pmit-7c745a145551\pmit\x64\release\pmiproblemv1e_d_v1.obj
c:\users\littl\source\repos\cjbernard-pmit-7c745a145551\pmit\x64\release\pmiproblemset.obj
c:\users\littl\source\repos\cjbernard-pmit-7c745a145551\pmit\x64\release\pmiproblemdescriptor.obj
c:\users\littl\source\repos\cjbernard-pmit-7c745a145551\pmit\x64\release\pmiproblem.obj
c:\users\littl\source\repos\cjbernard-pmit-7c745a145551\pmit\x64\release\pmiperformancemetrics.obj
c:\users\littl\source\repos\cjbernard-pmit-7c745a145551\pmit\x64\release\pmimodelgeneratorv3.obj
c:\users\littl\source\repos\cjbernard-pmit-7c745a145551\pmit\x64\release\pmifitnessfunction_positional.obj
c:\users\littl\source\repos\cjbernard-pmit-7c745a145551\pmit\x64\release\pmifitnessfunction_parikh.obj
c:\users\littl\source\repos\cjbernard-pmit-7c745a145551\pmit\x64\release\modelv3.obj
c:\users\littl\source\repos\cjbernard-pmit-7c745a145551\pmit\x64\release\masteranalysisobject.obj
c:\users\littl\source\repos\cjbernard-pmit-7c745a145551\pmit\x64\release\pmiprocessor.obj
c:\users\littl\source\repos\cjbernard-pmit-7c745a145551\pmit\x64\release\pmiproblem_search.obj
c:\users\littl\source\repos\cjbernard-pmit-7c745a145551\pmit\x64\release\pmiproblem_pol.obj
c:\users\littl\source\repos\cjbernard-pmit-7c745a145551\pmit\x64\release\pmiproblem_pog.obj
c:\users\littl\source\repos\cjbernard-pmit-7c745a145551\pmit\x64\release\pmiproblem_order.obj
c:\users\littl\source\repos\cjbernard-pmit-7c745a145551\pmit\x64\release\pmiproblem_math.obj
c:\users\littl\source\repos\cjbernard-pmit-7c745a145551\pmit\x64\release\pmiproblem_lengthv1.obj
c:\users\littl\source\repos\cjbernard-pmit-7c745a145551\pmit\x64\release\pmiproblem_lengthv2.obj
c:\users\littl\source\repos\cjbernard-pmit-7c745a145551\pmit\x64\release\pmiproblem_fsm.obj
c:\users\littl\source\repos\cjbernard-pmit-7c745a145551\pmit\x64\release\pmiproblem_ecc.obj
c:\users\littl\source\repos\cjbernard-pmit-7c745a145551\pmit\x64\release\pmiproblem_directv3.obj
c:\users\littl\source\repos\cjbernard-pmit-7c745a145551\pmit\x64\release\pmiproblem_directv2.obj
c:\users\littl\source\repos\cjbernard-pmit-7c745a145551\pmit\x64\release\pmiproblem_direct.obj
c:\users\littl\source\repos\cjbernard-pmit-7c745a145551\pmit\x64\release\pmiproblemv2_v1emulator.obj
c:\users\littl\source\repos\cjbernard-pmit-7c745a145551\pmit\x64\release\pmiproblemv2a_rule.obj
c:\users\littl\source\repos\cjbernard-pmit-7c745a145551\pmit\x64\release\pmiproblemv2a_pol_v1b.obj
c:\users\littl\source\repos\cjbernard-pmit-7c745a145551\pmit\x64\release\pmiproblemv2a_pol_v1.obj
c:\users\littl\source\repos\cjbernard-pmit-7c745a145551\pmit\x64\release\pmiproblemv2a_pog_v2.obj
c:\users\littl\source\repos\cjbernard-pmit-7c745a145551\pmit\x64\release\pmiproblemv2a_pog_v1b.obj
c:\users\littl\source\repos\cjbernard-pmit-7c745a145551\pmit\x64\release\pmiproblemv2a_pog_v1.obj
c:\users\littl\source\repos\cjbernard-pmit-7c745a145551\pmit\x64\release\rptchange.obj
c:\users\littl\source\repos\cjbernard-pmit-7c745a145551\pmit\x64\release\productiontablev3.obj
c:\users\littl\source\repos\cjbernard-pmit-7c745a145551\pmit\x64\release\productionrulev3.obj
c:\users\littl\source\repos\cjbernard-pmit-7c745a145551\pmit\x64\release\productionrulestochastic.obj
c:\users\littl\source\repos\cjbernard-pmit-7c745a145551\pmit\x64\release\productionruleconstraint.obj
c:\users\littl\source\repos\cjbernard-pmit-7c745a145551\pmit\x64\release\productionrulecondition.obj
c:\users\littl\source\repos\cjbernard-pmit-7c745a145551\pmit\x64\release\productionrule.obj
c:\users\littl\source\repos\cjbernard-pmit-7c745a145551\pmit\x64\release\problemstate.obj
c:\users\littl\source\repos\cjbernard-pmit-7c745a145551\pmit\x64\release\plantmodelstochastic.obj
c:\users\littl\source\repos\cjbernard-pmit-7c745a145551\pmit\x64\release\plantmodel.obj
c:\users\littl\source\repos\cjbernard-pmit-7c745a145551\pmit\x64\release\parikhequation.obj
c:\users\littl\source\repos\cjbernard-pmit-7c745a145551\pmit\x64\release\pmitemplateproblem_modules.obj
c:\users\littl\source\repos\cjbernard-pmit-7c745a145551\pmit\x64\release\pmitemplateproblem_constants.obj
c:\users\littl\source\repos\cjbernard-pmit-7c745a145551\pmit\x64\release\pmitemplateproblem_axiom.obj
c:\users\littl\source\repos\cjbernard-pmit-7c745a145551\pmit\x64\release\pmitemplateproblem.obj
c:\users\littl\source\repos\cjbernard-pmit-7c745a145551\pmit\x64\release\pmit.obj
c:\users\littl\source\repos\cjbernard-pmit-7c745a145551\pmit\x64\release\pmisolution.obj
c:\users\littl\source\repos\cjbernard-pmit-7c745a145551\pmit\x64\release\pmirandommodelgenerator.obj
c:\users\littl\source\repos\cjbernard-pmit-7c745a145551\pmit\x64\release\pmiprocessor_v2a.obj
c:\users\littl\source\repos\cjbernard-pmit-7c745a145551\pmit\x64\release\pmiprocessorv3.obj
c:\users\littl\source\repos\cjbernard-pmit-7c745a145551\pmit\x64\release\variablelist.obj
c:\users\littl\source\repos\cjbernard-pmit-7c745a145551\pmit\x64\release\mathparser.obj
c:\users\littl\source\repos\cjbernard-pmit-7c745a145551\pmit\x64\release\functions.obj
c:\users\littl\source\repos\cjbernard-pmit-7c745a145551\pmit\x64\release\error.obj
c:\users\littl\source\repos\cjbernard-pmit-7c745a145551\pmit\x64\release\wordv3.obj
c:\users\littl\source\repos\cjbernard-pmit-7c745a145551\pmit\x64\release\word.obj
c:\users\littl\source\repos\cjbernard-pmit-7c745a145551\pmit\x64\release\vocabulary.obj
c:\users\littl\source\repos\cjbernard-pmit-7c745a145551\pmit\x64\release\tabuitem.obj
c:\users\littl\source\repos\cjbernard-pmit-7c745a145551\pmit\x64\release\symbol.obj
c:\users\littl\source\repos\cjbernard-pmit-7c745a145551\pmit\x64\release\successor.obj
c:\users\littl\source\repos\cjbernard-pmit-7c745a145551\pmit\x64\release\s0lproblemv3.obj
c:\users\littl\source\repos\cjbernard-pmit-7c745a145551\pmit\x64\release\s0lmproblemv3.obj
c:\users\littl\source\repos\cjbernard-pmit-7c745a145551\pmit\x64\release\.netframework,version=v4.6.1.assemblyattributes.obj
c:\users\littl\source\repos\cjbernard-pmit-7c745a145551\pmit\x64\release\.netframework,version=v4.6.1.assemblyattributes.asm
c:\pmit\pmit.exe
c:\pmit\pmit.pdb
c:\pmit\ainfinity.dll
c:\pmit\ainfinity.pdb
c:\users\littl\source\repos\cjbernard-pmit-7c745a145551\pmit\x64\release\app.res
c:\users\littl\source\repos\cjbernard-pmit-7c745a145551\pmit\x64\release\pmit.vcxprojassemblyreference.cache
c:\users\littl\source\repos\cjbernard-pmit-7c745a145551\pmit\x64\release\pmit.tlog\cl.command.1.tlog
c:\users\littl\source\repos\cjbernard-pmit-7c745a145551\pmit\x64\release\pmit.tlog\cl.read.1.tlog
c:\users\littl\source\repos\cjbernard-pmit-7c745a145551\pmit\x64\release\pmit.tlog\cl.write.1.tlog
c:\users\littl\source\repos\cjbernard-pmit-7c745a145551\pmit\x64\release\pmit.tlog\link.command.1.tlog
c:\users\littl\source\repos\cjbernard-pmit-7c745a145551\pmit\x64\release\pmit.tlog\link.read.1.tlog
c:\users\littl\source\repos\cjbernard-pmit-7c745a145551\pmit\x64\release\pmit.tlog\link.write.1.tlog
c:\users\littl\source\repos\cjbernard-pmit-7c745a145551\pmit\x64\release\pmit.tlog\metagen.read.1.tlog
c:\users\littl\source\repos\cjbernard-pmit-7c745a145551\pmit\x64\release\pmit.tlog\metagen.write.1.tlog
c:\users\littl\source\repos\cjbernard-pmit-7c745a145551\pmit\x64\release\pmit.tlog\pmit.write.1u.tlog
c:\users\littl\source\repos\cjbernard-pmit-7c745a145551\pmit\x64\release\pmit.tlog\rc.command.1.tlog
c:\users\littl\source\repos\cjbernard-pmit-7c745a145551\pmit\x64\release\pmit.tlog\rc.read.1.tlog
c:\users\littl\source\repos\cjbernard-pmit-7c745a145551\pmit\x64\release\pmit.tlog\rc.write.1.tlog
