c:\users\littl\source\repos\cjbernard-pmit-7c745a145551\pmit\x64\debug\vc141.pdb
c:\users\littl\source\repos\cjbernard-pmit-7c745a145551\pmit\x64\debug\pmit.obj
c:\users\littl\source\repos\cjbernard-pmit-7c745a145551\pmit\x64\debug\pmiproblemset.obj
c:\users\littl\source\repos\cjbernard-pmit-7c745a145551\pmit\x64\debug\variablelist.obj
c:\users\littl\source\repos\cjbernard-pmit-7c745a145551\pmit\x64\debug\s0lmproblemv3.obj
c:\users\littl\source\repos\cjbernard-pmit-7c745a145551\pmit\x64\debug\pmiprocessor_v2a.obj
c:\users\littl\source\repos\cjbernard-pmit-7c745a145551\pmit\x64\debug\pmiprocessorv3.obj
c:\users\littl\source\repos\cjbernard-pmit-7c745a145551\pmit\x64\debug\pmifitnessfunction_positional.obj
c:\users\littl\source\repos\cjbernard-pmit-7c745a145551\pmit\x64\debug\hd0lproblemv3.obj
c:\users\littl\source\repos\cjbernard-pmit-7c745a145551\pmit\x64\debug\d2lproblemv3.obj
c:\users\littl\source\repos\cjbernard-pmit-7c745a145551\pmit\x64\debug\alphabetv3.obj
c:\users\littl\source\repos\cjbernard-pmit-7c745a145551\pmit\x64\debug\s0lproblemv3.obj
c:\users\littl\source\repos\cjbernard-pmit-7c745a145551\pmit\x64\debug\bruteforcesearchr_dbl_pmit.obj
c:\users\littl\source\repos\cjbernard-pmit-7c745a145551\pmit\x64\debug\pmit.pch
c:\users\littl\source\repos\cjbernard-pmit-7c745a145551\pmit\x64\debug\stdafx.obj
c:\users\littl\source\repos\cjbernard-pmit-7c745a145551\pmit\x64\debug\likproblem.obj
c:\users\littl\source\repos\cjbernard-pmit-7c745a145551\pmit\x64\debug\lexicon.obj
c:\users\littl\source\repos\cjbernard-pmit-7c745a145551\pmit\x64\debug\lsiproblemv3_wolfram.obj
c:\users\littl\source\repos\cjbernard-pmit-7c745a145551\pmit\x64\debug\lsiproblemv3.obj
c:\users\littl\source\repos\cjbernard-pmit-7c745a145551\pmit\x64\debug\genomepmit_length.obj
c:\users\littl\source\repos\cjbernard-pmit-7c745a145551\pmit\x64\debug\geneticalgorithmpmit.obj
c:\users\littl\source\repos\cjbernard-pmit-7c745a145551\pmit\x64\debug\fragment.obj
c:\users\littl\source\repos\cjbernard-pmit-7c745a145551\pmit\x64\debug\factcounter.obj
c:\users\littl\source\repos\cjbernard-pmit-7c745a145551\pmit\x64\debug\evidencefactoryv3.obj
c:\users\littl\source\repos\cjbernard-pmit-7c745a145551\pmit\x64\debug\evidencefactory.obj
c:\users\littl\source\repos\cjbernard-pmit-7c745a145551\pmit\x64\debug\edcproblemv3_successorsearch.obj
c:\users\littl\source\repos\cjbernard-pmit-7c745a145551\pmit\x64\debug\edcproblemv3.obj
c:\users\littl\source\repos\cjbernard-pmit-7c745a145551\pmit\x64\debug\consistencytable.obj
c:\users\littl\source\repos\cjbernard-pmit-7c745a145551\pmit\x64\debug\consistencyitem.obj
c:\users\littl\source\repos\cjbernard-pmit-7c745a145551\pmit\x64\debug\belief_consistentrules.obj
c:\users\littl\source\repos\cjbernard-pmit-7c745a145551\pmit\x64\debug\assemblyinfo.obj
c:\users\littl\source\repos\cjbernard-pmit-7c745a145551\pmit\x64\debug\pmiproblemv2a_parikh.obj
c:\users\littl\source\repos\cjbernard-pmit-7c745a145551\pmit\x64\debug\pmiproblemv2a_ml.obj
c:\users\littl\source\repos\cjbernard-pmit-7c745a145551\pmit\x64\debug\pmiproblemv2a_lex_v1b.obj
c:\users\littl\source\repos\cjbernard-pmit-7c745a145551\pmit\x64\debug\pmiproblemv2a_lex_v1.obj
c:\users\littl\source\repos\cjbernard-pmit-7c745a145551\pmit\x64\debug\pmiproblemv2a_l_v2.obj
c:\users\littl\source\repos\cjbernard-pmit-7c745a145551\pmit\x64\debug\pmiproblemv2a_d_v4.obj
c:\users\littl\source\repos\cjbernard-pmit-7c745a145551\pmit\x64\debug\pmiproblemv2a_d_v3.obj
c:\users\littl\source\repos\cjbernard-pmit-7c745a145551\pmit\x64\debug\pmiproblemv2a.obj
c:\users\littl\source\repos\cjbernard-pmit-7c745a145551\pmit\x64\debug\pmiproblemv2.obj
c:\users\littl\source\repos\cjbernard-pmit-7c745a145551\pmit\x64\debug\pmiproblemv1e_d_v2.obj
c:\users\littl\source\repos\cjbernard-pmit-7c745a145551\pmit\x64\debug\pmiproblemv1e_d_v1.obj
c:\users\littl\source\repos\cjbernard-pmit-7c745a145551\pmit\x64\debug\pmiproblemdescriptor.obj
c:\users\littl\source\repos\cjbernard-pmit-7c745a145551\pmit\x64\debug\pmiproblem.obj
c:\users\littl\source\repos\cjbernard-pmit-7c745a145551\pmit\x64\debug\pmiperformancemetrics.obj
c:\users\littl\source\repos\cjbernard-pmit-7c745a145551\pmit\x64\debug\pmimodelgeneratorv3.obj
c:\users\littl\source\repos\cjbernard-pmit-7c745a145551\pmit\x64\debug\pmifitnessfunction_parikh.obj
c:\users\littl\source\repos\cjbernard-pmit-7c745a145551\pmit\x64\debug\modelv3.obj
c:\users\littl\source\repos\cjbernard-pmit-7c745a145551\pmit\x64\debug\masteranalysisobject.obj
c:\users\littl\source\repos\cjbernard-pmit-7c745a145551\pmit\x64\debug\pmiprocessor.obj
c:\users\littl\source\repos\cjbernard-pmit-7c745a145551\pmit\x64\debug\pmiproblem_search.obj
c:\users\littl\source\repos\cjbernard-pmit-7c745a145551\pmit\x64\debug\pmiproblem_pol.obj
c:\users\littl\source\repos\cjbernard-pmit-7c745a145551\pmit\x64\debug\pmiproblem_pog.obj
c:\users\littl\source\repos\cjbernard-pmit-7c745a145551\pmit\x64\debug\pmiproblem_order.obj
c:\users\littl\source\repos\cjbernard-pmit-7c745a145551\pmit\x64\debug\pmiproblem_math.obj
c:\users\littl\source\repos\cjbernard-pmit-7c745a145551\pmit\x64\debug\pmiproblem_lengthv1.obj
c:\users\littl\source\repos\cjbernard-pmit-7c745a145551\pmit\x64\debug\pmiproblem_lengthv2.obj
c:\users\littl\source\repos\cjbernard-pmit-7c745a145551\pmit\x64\debug\pmiproblem_fsm.obj
c:\users\littl\source\repos\cjbernard-pmit-7c745a145551\pmit\x64\debug\pmiproblem_ecc.obj
c:\users\littl\source\repos\cjbernard-pmit-7c745a145551\pmit\x64\debug\pmiproblem_directv3.obj
c:\users\littl\source\repos\cjbernard-pmit-7c745a145551\pmit\x64\debug\pmiproblem_directv2.obj
c:\users\littl\source\repos\cjbernard-pmit-7c745a145551\pmit\x64\debug\pmiproblem_direct.obj
c:\users\littl\source\repos\cjbernard-pmit-7c745a145551\pmit\x64\debug\pmiproblemv2_v1emulator.obj
c:\users\littl\source\repos\cjbernard-pmit-7c745a145551\pmit\x64\debug\pmiproblemv2a_rule.obj
c:\users\littl\source\repos\cjbernard-pmit-7c745a145551\pmit\x64\debug\pmiproblemv2a_pol_v1b.obj
c:\users\littl\source\repos\cjbernard-pmit-7c745a145551\pmit\x64\debug\pmiproblemv2a_pol_v1.obj
c:\users\littl\source\repos\cjbernard-pmit-7c745a145551\pmit\x64\debug\pmiproblemv2a_pog_v2.obj
c:\users\littl\source\repos\cjbernard-pmit-7c745a145551\pmit\x64\debug\pmiproblemv2a_pog_v1b.obj
c:\users\littl\source\repos\cjbernard-pmit-7c745a145551\pmit\x64\debug\pmiproblemv2a_pog_v1.obj
c:\users\littl\source\repos\cjbernard-pmit-7c745a145551\pmit\x64\debug\rptchange.obj
c:\users\littl\source\repos\cjbernard-pmit-7c745a145551\pmit\x64\debug\productiontablev3.obj
c:\users\littl\source\repos\cjbernard-pmit-7c745a145551\pmit\x64\debug\productionrulev3.obj
c:\users\littl\source\repos\cjbernard-pmit-7c745a145551\pmit\x64\debug\productionrulestochastic.obj
c:\users\littl\source\repos\cjbernard-pmit-7c745a145551\pmit\x64\debug\productionruleconstraint.obj
c:\users\littl\source\repos\cjbernard-pmit-7c745a145551\pmit\x64\debug\productionrulecondition.obj
c:\users\littl\source\repos\cjbernard-pmit-7c745a145551\pmit\x64\debug\productionrule.obj
c:\users\littl\source\repos\cjbernard-pmit-7c745a145551\pmit\x64\debug\problemstate.obj
c:\users\littl\source\repos\cjbernard-pmit-7c745a145551\pmit\x64\debug\plantmodelstochastic.obj
c:\users\littl\source\repos\cjbernard-pmit-7c745a145551\pmit\x64\debug\plantmodel.obj
c:\users\littl\source\repos\cjbernard-pmit-7c745a145551\pmit\x64\debug\parikhequation.obj
c:\users\littl\source\repos\cjbernard-pmit-7c745a145551\pmit\x64\debug\pmitemplateproblem_modules.obj
c:\users\littl\source\repos\cjbernard-pmit-7c745a145551\pmit\x64\debug\pmitemplateproblem_constants.obj
c:\users\littl\source\repos\cjbernard-pmit-7c745a145551\pmit\x64\debug\pmitemplateproblem_axiom.obj
c:\users\littl\source\repos\cjbernard-pmit-7c745a145551\pmit\x64\debug\pmitemplateproblem.obj
c:\users\littl\source\repos\cjbernard-pmit-7c745a145551\pmit\x64\debug\pmisolution.obj
c:\users\littl\source\repos\cjbernard-pmit-7c745a145551\pmit\x64\debug\pmirandommodelgenerator.obj
c:\users\littl\source\repos\cjbernard-pmit-7c745a145551\pmit\x64\debug\mathparser.obj
c:\users\littl\source\repos\cjbernard-pmit-7c745a145551\pmit\x64\debug\functions.obj
c:\users\littl\source\repos\cjbernard-pmit-7c745a145551\pmit\x64\debug\error.obj
c:\users\littl\source\repos\cjbernard-pmit-7c745a145551\pmit\x64\debug\wordv3.obj
c:\users\littl\source\repos\cjbernard-pmit-7c745a145551\pmit\x64\debug\word.obj
c:\users\littl\source\repos\cjbernard-pmit-7c745a145551\pmit\x64\debug\vocabulary.obj
c:\users\littl\source\repos\cjbernard-pmit-7c745a145551\pmit\x64\debug\tabuitem.obj
c:\users\littl\source\repos\cjbernard-pmit-7c745a145551\pmit\x64\debug\symbol.obj
c:\users\littl\source\repos\cjbernard-pmit-7c745a145551\pmit\x64\debug\successor.obj
c:\users\littl\source\repos\cjbernard-pmit-7c745a145551\pmit\x64\debug\.netframework,version=v4.6.1.assemblyattributes.obj
c:\users\littl\source\repos\cjbernard-pmit-7c745a145551\pmit\x64\debug\.netframework,version=v4.6.1.assemblyattributes.asm
c:\users\littl\source\repos\cjbernard-pmit-7c745a145551\pmit\x64\debug\app.res
c:\users\littl\source\repos\cjbernard-pmit-7c745a145551\pmit\x64\debug\pmit.vcxprojassemblyreference.cache
c:\users\littl\source\repos\cjbernard-pmit-7c745a145551\x64\debug\pmit.pdb
c:\users\littl\source\repos\cjbernard-pmit-7c745a145551\pmit\x64\debug\pmit.tlog\cl.command.1.tlog
c:\users\littl\source\repos\cjbernard-pmit-7c745a145551\pmit\x64\debug\pmit.tlog\cl.read.1.tlog
c:\users\littl\source\repos\cjbernard-pmit-7c745a145551\pmit\x64\debug\pmit.tlog\cl.write.1.tlog
c:\users\littl\source\repos\cjbernard-pmit-7c745a145551\pmit\x64\debug\pmit.tlog\link.16520-cvtres.read.1.tlog
c:\users\littl\source\repos\cjbernard-pmit-7c745a145551\pmit\x64\debug\pmit.tlog\link.16520-cvtres.write.1.tlog
c:\users\littl\source\repos\cjbernard-pmit-7c745a145551\pmit\x64\debug\pmit.tlog\link.16520-rc.read.1.tlog
c:\users\littl\source\repos\cjbernard-pmit-7c745a145551\pmit\x64\debug\pmit.tlog\link.16520-rc.write.1.tlog
c:\users\littl\source\repos\cjbernard-pmit-7c745a145551\pmit\x64\debug\pmit.tlog\link.16520.read.1.tlog
c:\users\littl\source\repos\cjbernard-pmit-7c745a145551\pmit\x64\debug\pmit.tlog\link.16520.write.1.tlog
c:\users\littl\source\repos\cjbernard-pmit-7c745a145551\pmit\x64\debug\pmit.tlog\link.command.1.tlog
c:\users\littl\source\repos\cjbernard-pmit-7c745a145551\pmit\x64\debug\pmit.tlog\link.read.1.tlog
c:\users\littl\source\repos\cjbernard-pmit-7c745a145551\pmit\x64\debug\pmit.tlog\link.write.1.tlog
c:\users\littl\source\repos\cjbernard-pmit-7c745a145551\pmit\x64\debug\pmit.tlog\metagen.read.1.tlog
c:\users\littl\source\repos\cjbernard-pmit-7c745a145551\pmit\x64\debug\pmit.tlog\metagen.write.1.tlog
c:\users\littl\source\repos\cjbernard-pmit-7c745a145551\pmit\x64\debug\pmit.tlog\rc.command.1.tlog
c:\users\littl\source\repos\cjbernard-pmit-7c745a145551\pmit\x64\debug\pmit.tlog\rc.read.1.tlog
c:\users\littl\source\repos\cjbernard-pmit-7c745a145551\pmit\x64\debug\pmit.tlog\rc.write.1.tlog
